[0811/091247:ERROR:process_reader_win.cc(233)] ReadMemory at 0x698e1f88 of 512 bytes failed: Only part of a ReadProcessMemory or WriteProcessMemory request was completed. (0x12B)
[0811/091247:ERROR:crash_report_exception_handler.cc(98)] WriteEverything failed
[0811/091304:ERROR:process_reader_win.cc(233)] ReadMemory at 0x698e1f88 of 512 bytes failed: Only part of a ReadProcessMemory or WriteProcessMemory request was completed. (0x12B)
[0811/091304:ERROR:crash_report_exception_handler.cc(98)] WriteEverything failed
[0811/091319:ERROR:process_reader_win.cc(233)] ReadMemory at 0x698e1f88 of 512 bytes failed: Only part of a ReadProcessMemory or WriteProcessMemory request was completed. (0x12B)
[0811/091319:ERROR:crash_report_exception_handler.cc(98)] WriteEverything failed
[0811/091345:ERROR:process_reader_win.cc(233)] ReadMemory at 0x698e1f88 of 512 bytes failed: Only part of a ReadProcessMemory or WriteProcessMemory request was completed. (0x12B)
[0811/091345:ERROR:crash_report_exception_handler.cc(98)] WriteEverything failed
[0811/091901:ERROR:process_reader_win.cc(233)] ReadMemory at 0x698e1f88 of 512 bytes failed: Only part of a ReadProcessMemory or WriteProcessMemory request was completed. (0x12B)
[0811/091901:ERROR:crash_report_exception_handler.cc(98)] WriteEverything failed
[0811/091929:ERROR:process_reader_win.cc(233)] ReadMemory at 0x698e1f88 of 512 bytes failed: Only part of a ReadProcessMemory or WriteProcessMemory request was completed. (0x12B)
[0811/091929:ERROR:crash_report_exception_handler.cc(98)] WriteEverything failed
[0811/091940:ERROR:process_reader_win.cc(233)] ReadMemory at 0x698e1f88 of 512 bytes failed: Only part of a ReadProcessMemory or WriteProcessMemory request was completed. (0x12B)
[0811/091940:ERROR:crash_report_exception_handler.cc(98)] WriteEverything failed
[0811/091947:ERROR:process_reader_win.cc(233)] ReadMemory at 0x698e1f88 of 512 bytes failed: Only part of a ReadProcessMemory or WriteProcessMemory request was completed. (0x12B)
[0811/091947:ERROR:crash_report_exception_handler.cc(98)] WriteEverything failed
[0811/091959:ERROR:process_reader_win.cc(233)] ReadMemory at 0x698e1f88 of 512 bytes failed: Only part of a ReadProcessMemory or WriteProcessMemory request was completed. (0x12B)
[0811/091959:ERROR:crash_report_exception_handler.cc(98)] WriteEverything failed
[0811/092006:ERROR:process_reader_win.cc(233)] ReadMemory at 0x698e1f88 of 512 bytes failed: Only part of a ReadProcessMemory or WriteProcessMemory request was completed. (0x12B)
[0811/092006:ERROR:crash_report_exception_handler.cc(98)] WriteEverything failed
[0811/092013:ERROR:process_reader_win.cc(233)] ReadMemory at 0x698e1f88 of 512 bytes failed: Only part of a ReadProcessMemory or WriteProcessMemory request was completed. (0x12B)
[0811/092013:ERROR:crash_report_exception_handler.cc(98)] WriteEverything failed
[0811/092046:ERROR:process_reader_win.cc(233)] ReadMemory at 0x698e1f88 of 512 bytes failed: Only part of a ReadProcessMemory or WriteProcessMemory request was completed. (0x12B)
[0811/092046:ERROR:crash_report_exception_handler.cc(98)] WriteEverything failed
[0811/092053:ERROR:process_reader_win.cc(233)] ReadMemory at 0x698e1f88 of 512 bytes failed: Only part of a ReadProcessMemory or WriteProcessMemory request was completed. (0x12B)
[0811/092053:ERROR:crash_report_exception_handler.cc(98)] WriteEverything failed
[0811/092146:ERROR:process_reader_win.cc(233)] ReadMemory at 0x698e1f88 of 512 bytes failed: Only part of a ReadProcessMemory or WriteProcessMemory request was completed. (0x12B)
[0811/092146:ERROR:crash_report_exception_handler.cc(98)] WriteEverything failed
[0811/093138.829:WARNING:chrome_main_delegate.cc(590)] final extension: 
[0811/093145.869:ERROR:http_transport_win.cc(170)] WinHttpCrackUrl: The URL does not use a recognized protocol  (0x2ee6)
[0811/093149.601:WARNING:chrome_main_delegate.cc(590)] final extension: 
[0811/093155.213:ERROR:http_transport_win.cc(170)] WinHttpCrackUrl: The URL does not use a recognized protocol  (0x2ee6)
[0811/093200.221:WARNING:chrome_main_delegate.cc(590)] final extension: 
[0811/093207.562:ERROR:http_transport_win.cc(170)] WinHttpCrackUrl: The URL does not use a recognized protocol  (0x2ee6)
[0811/095616.754:WARNING:chrome_main_delegate.cc(590)] final extension: 
[0811/095624.141:ERROR:http_transport_win.cc(170)] WinHttpCrackUrl: The URL does not use a recognized protocol  (0x2ee6)
[0811/160053.046:WARNING:chrome_main_delegate.cc(590)] final extension: 
[0811/160101.836:ERROR:http_transport_win.cc(170)] WinHttpCrackUrl: The URL does not use a recognized protocol  (0x2ee6)
[0812/062849.645:WARNING:chrome_main_delegate.cc(590)] final extension: 
[0812/062856.700:ERROR:http_transport_win.cc(170)] WinHttpCrackUrl: The URL does not use a recognized protocol  (0x2ee6)
[0812/063806.536:WARNING:chrome_main_delegate.cc(590)] final extension: 
[0812/063934.035:WARNING:chrome_main_delegate.cc(590)] final extension: 
[0812/064021.938:WARNING:chrome_main_delegate.cc(590)] final extension: 
[0812/064034.477:WARNING:chrome_main_delegate.cc(590)] final extension: 
[0812/064338.916:WARNING:chrome_main_delegate.cc(590)] final extension: 
[0812/064857.441:WARNING:chrome_main_delegate.cc(590)] final extension: 
[0812/065335.594:WARNING:chrome_main_delegate.cc(590)] final extension: 
[0812/065440.974:WARNING:chrome_main_delegate.cc(590)] final extension: 
[0812/065623.728:WARNING:chrome_main_delegate.cc(590)] final extension: 
[0812/101130.547:ERROR:process_reader_win.cc(233)] ReadMemory at 0x69021f88 of 512 bytes failed: Only part of a ReadProcessMemory or WriteProcessMemory request was completed. (0x12B)
[0812/101130.549:ERROR:crash_report_exception_handler.cc(111)] WriteEverything failed
[0821/054623:ERROR:process_reader_win.cc(142)] SuspendThread: Access is denied. (0x5)
[0821/054623:ERROR:process_reader_win.cc(142)] SuspendThread: Access is denied. (0x5)
[0821/054623:ERROR:process_reader_win.cc(142)] SuspendThread: Access is denied. (0x5)
[0824/121825:ERROR:process_reader_win.cc(142)] SuspendThread: Access is denied. (0x5)
[0824/121825:ERROR:process_reader_win.cc(142)] SuspendThread: Access is denied. (0x5)
[0824/121825:ERROR:process_reader_win.cc(142)] SuspendThread: Access is denied. (0x5)
[0824/121825:ERROR:process_reader_win.cc(142)] SuspendThread: Access is denied. (0x5)
[0824/121825:ERROR:process_reader_win.cc(142)] SuspendThread: Access is denied. (0x5)
[0824/121825:ERROR:process_reader_win.cc(142)] SuspendThread: Access is denied. (0x5)
[0824/121825:ERROR:process_reader_win.cc(142)] SuspendThread: Access is denied. (0x5)
[0824/122014:ERROR:process_reader_win.cc(142)] SuspendThread: Access is denied. (0x5)
[0824/122014:ERROR:process_reader_win.cc(142)] SuspendThread: Access is denied. (0x5)
[0824/122014:ERROR:process_reader_win.cc(142)] SuspendThread: Access is denied. (0x5)
[0824/122014:ERROR:process_reader_win.cc(142)] SuspendThread: Access is denied. (0x5)
[0824/122014:ERROR:process_reader_win.cc(142)] SuspendThread: Access is denied. (0x5)
[0824/122014:ERROR:process_reader_win.cc(142)] SuspendThread: Access is denied. (0x5)
